[29окт.2022 09:31:02.999] [main/INFO] [cpw.mods.modlauncher.Launcher/MODLAUNCHER]: ModLauncher running: args [--launchTarget, forgeserver, --fml.forgeVersion, 40.1.80, --fml.mcVersion, 1.18.2, --fml.forgeGroup, net.minecraftforge, --fml.mcpVersion, 20220404.173914, nogui]
[29окт.2022 09:31:02.999] [main/INFO] [cpw.mods.modlauncher.Launcher/MODLAUNCHER]: ModLauncher 9.1.3+9.1.3+main.9b69c82a starting: java version 17.0.5 by Oracle Corporation
[29окт.2022 09:31:03.264] [main/INFO] [mixin/]: SpongePowered MIXIN Subsystem Version=0.8.5 Source=union:/d:/.mine/LITV3/LITV3-Serverpack-1.3/libraries/org/spongepowered/mixin/0.8.5/mixin-0.8.5.jar%2314!/ Service=ModLauncher Env=SERVER
[29окт.2022 09:31:04.545] [main/WARN] [net.minecraftforge.fml.loading.moddiscovery.ModFileParser/LOADING]: Mod file d:\.mine\LITV3\LITV3-Serverpack-1.3\libraries\net\minecraftforge\fmlcore\1.18.2-40.1.80\fmlcore-1.18.2-40.1.80.jar is missing mods.toml file
[29окт.2022 09:31:04.545] [main/WARN] [net.minecraftforge.fml.loading.moddiscovery.ModFileParser/LOADING]: Mod file d:\.mine\LITV3\LITV3-Serverpack-1.3\libraries\net\minecraftforge\javafmllanguage\1.18.2-40.1.80\javafmllanguage-1.18.2-40.1.80.jar is missing mods.toml file
[29окт.2022 09:31:04.545] [main/WARN] [net.minecraftforge.fml.loading.moddiscovery.ModFileParser/LOADING]: Mod file d:\.mine\LITV3\LITV3-Serverpack-1.3\libraries\net\minecraftforge\lowcodelanguage\1.18.2-40.1.80\lowcodelanguage-1.18.2-40.1.80.jar is missing mods.toml file
[29окт.2022 09:31:04.561] [main/WARN] [net.minecraftforge.fml.loading.moddiscovery.ModFileParser/LOADING]: Mod file d:\.mine\LITV3\LITV3-Serverpack-1.3\libraries\net\minecraftforge\mclanguage\1.18.2-40.1.80\mclanguage-1.18.2-40.1.80.jar is missing mods.toml file
[29окт.2022 09:31:04.748] [main/INFO] [net.minecraftforge.fml.loading.moddiscovery.JarInJarDependencyLocator/]: Found 1 dependencies adding them to mods collection
[29окт.2022 09:31:04.920] [main/ERROR] [net.minecraftforge.fml.loading.ModSorter/LOADING]: Missing mandatory dependencies: forge
[29окт.2022 09:31:10.180] [main/INFO] [mixin/]: Compatibility level set to JAVA_17
[29окт.2022 09:31:10.567] [main/ERROR] [mixin/]: Mixin config polylib.mixins.json does not specify "minVersion" property
[29окт.2022 09:31:10.656] [main/ERROR] [mixin/]: Mixin config okzoomer.mixins.json does not specify "minVersion" property
[29окт.2022 09:31:10.758] [main/INFO] [cpw.mods.modlauncher.LaunchServiceHandler/MODLAUNCHER]: Launching target 'forgeserver' with arguments [nogui]
[29окт.2022 09:31:10.857] [main/WARN] [mixin/]: Reference map 'jobsplus.refmap.json' for jobsplus.mixins.json could not be read. If this is a development environment you can ignore this message
[29окт.2022 09:31:10.953] [main/WARN] [mixin/]: Reference map 'morevillagers-forge-forge-refmap.json' for morevillagers.mixins.json could not be read. If this is a development environment you can ignore this message
[29окт.2022 09:31:11.090] [main/WARN] [mixin/]: Reference map 'farmersrespite.refmap.json' for farmersrespite.mixins.json could not be read. If this is a development environment you can ignore this message
[29окт.2022 09:31:11.257] [main/WARN] [mixin/]: Reference map 'polylib-common-refmap.json' for polylib.mixins.json could not be read. If this is a development environment you can ignore this message
[29окт.2022 09:31:11.400] [main/WARN] [mixin/]: Reference map 'nethersdelight.refmap.json' for nethersdelight.mixins.json could not be read. If this is a development environment you can ignore this message
[29окт.2022 09:31:12.069] [main/WARN] [mixin/]: Error loading class: de/maxhenkel/gravestone/events/DeathEvents (java.lang.ClassNotFoundException: de.maxhenkel.gravestone.events.DeathEvents)
[29окт.2022 09:31:12.069] [main/WARN] [mixin/]: Error loading class: de/maxhenkel/corpse/events/DeathEvents (java.lang.ClassNotFoundException: de.maxhenkel.corpse.events.DeathEvents)
[29окт.2022 09:31:12.406] [main/FATAL] [net.minecraftforge.fml.loading.RuntimeDistCleaner/DISTXFORM]: Attempted to load class net/minecraft/client/gui/screens/inventory/AbstractContainerScreen for invalid dist DEDICATED_SERVER
[29окт.2022 09:31:12.407] [main/WARN] [mixin/]: Error loading class: net/minecraft/client/gui/screens/inventory/AbstractContainerScreen (java.lang.RuntimeException: Attempted to load class net/minecraft/client/gui/screens/inventory/AbstractContainerScreen for invalid dist DEDICATED_SERVER)
[29окт.2022 09:31:12.408] [main/WARN] [mixin/]: @Mixin target net.minecraft.client.gui.screens.inventory.AbstractContainerScreen was not found itemborders.mixins.json:AbstractContainerScreenMixin
[29окт.2022 09:31:12.410] [main/FATAL] [net.minecraftforge.fml.loading.RuntimeDistCleaner/DISTXFORM]: Attempted to load class net/minecraft/client/gui/Gui for invalid dist DEDICATED_SERVER
[29окт.2022 09:31:12.410] [main/WARN] [mixin/]: Error loading class: net/minecraft/client/gui/Gui (java.lang.RuntimeException: Attempted to load class net/minecraft/client/gui/Gui for invalid dist DEDICATED_SERVER)
[29окт.2022 09:31:12.411] [main/WARN] [mixin/]: @Mixin target net.minecraft.client.gui.Gui was not found itemborders.mixins.json:GuiMixin
[29окт.2022 09:31:13.140] [main/INFO] [net.minecraft.server.Main/]: You need to agree to the EULA in order to run the server. Go to eula.txt for more info.
